# JRE version: OpenJDK Runtime Environment (17.0.9) (build 17.0.9+0--11185874)
# Java VM: OpenJDK 64-Bit Server VM (17.0.9+0--11185874, mixed mode, tiered, compressed oops, compressed class ptrs, g1 gc, windows-amd64)
GC Precious Log:
 CPUs: 8 total, 8 available
 Memory: 7934M
 Large Page Support: Disabled
 NUMA Support: Disabled
 Compressed Oops: Enabled (32-bit)
 Heap Region Size: 1M
 Heap Min Capacity: 8M
 Heap Initial Capacity: 124M
 Heap Max Capacity: 2G
 Pre-touch: Disabled
 Parallel Workers: 8
 Concurrent Workers: 2
 Concurrent Refinement Workers: 8
 Periodic GC: Disabled
Heap:
 garbage-first heap   total 184320K, used 112407K [0x0000000080000000, 0x0000000100000000)
  region size 1024K, 10 young (10240K), 2 survivors (2048K)
 Metaspace       used 97057K, committed 97792K, reserved 1179648K
  class space    used 13148K, committed 13504K, reserved 1048576K
GC Heap History (20 events):
Event: 12.787 GC heap before
{Heap before GC invocations=35 (full 0):
 garbage-first heap   total 116736K, used 95107K [0x0000000080000000, 0x0000000100000000)
  region size 1024K, 30 young (30720K), 2 survivors (2048K)
 Metaspace       used 80981K, committed 81728K, reserved 1179648K
  class space    used 11356K, committed 11712K, reserved 1048576K
}
Event: 12.791 GC heap after
{Heap after GC invocations=36 (full 0):
 garbage-first heap   total 116736K, used 67108K [0x0000000080000000, 0x0000000100000000)
  region size 1024K, 3 young (3072K), 3 survivors (3072K)
 Metaspace       used 80981K, committed 81728K, reserved 1179648K
  class space    used 11356K, committed 11712K, reserved 1048576K
}
Event: 13.097 GC heap before
{Heap before GC invocations=36 (full 0):
 garbage-first heap   total 116736K, used 86564K [0x0000000080000000, 0x0000000100000000)
  region size 1024K, 23 young (23552K), 3 survivors (3072K)
 Metaspace       used 84132K, committed 84864K, reserved 1179648K
  class space    used 11775K, committed 12096K, reserved 1048576K
}
Event: 13.101 GC heap after
{Heap after GC invocations=37 (full 0):
 garbage-first heap   total 116736K, used 67542K [0x0000000080000000, 0x0000000100000000)
  region size 1024K, 4 young (4096K), 4 survivors (4096K)
 Metaspace       used 84132K, committed 84864K, reserved 1179648K
  class space    used 11775K, committed 12096K, reserved 1048576K
}
Event: 13.384 GC heap before
{Heap before GC invocations=38 (full 0):
 garbage-first heap   total 132096K, used 105430K [0x0000000080000000, 0x0000000100000000)
  region size 1024K, 34 young (34816K), 4 survivors (4096K)
 Metaspace       used 84451K, committed 85248K, reserved 1179648K
  class space    used 11784K, committed 12160K, reserved 1048576K
}
Event: 13.397 GC heap after
{Heap after GC invocations=39 (full 0):
 garbage-first heap   total 132096K, used 76144K [0x0000000080000000, 0x0000000100000000)
  region size 1024K, 5 young (5120K), 5 survivors (5120K)
 Metaspace       used 84451K, committed 85248K, reserved 1179648K
  class space    used 11784K, committed 12160K, reserved 1048576K
}
Event: 13.419 GC heap before
{Heap before GC invocations=39 (full 0):
 garbage-first heap   total 132096K, used 79216K [0x0000000080000000, 0x0000000100000000)
  region size 1024K, 9 young (9216K), 5 survivors (5120K)
 Metaspace       used 84451K, committed 85248K, reserved 1179648K
  class space    used 11784K, committed 12160K, reserved 1048576K
}
Event: 13.427 GC heap after
{Heap after GC invocations=40 (full 0):
 garbage-first heap   total 158720K, used 77841K [0x0000000080000000, 0x0000000100000000)
  region size 1024K, 2 young (2048K), 2 survivors (2048K)
 Metaspace       used 84451K, committed 85248K, reserved 1179648K
  class space    used 11784K, committed 12160K, reserved 1048576K
}
Event: 13.781 GC heap before
{Heap before GC invocations=41 (full 0):
 garbage-first heap   total 158720K, used 120849K [0x0000000080000000, 0x0000000100000000)
  region size 1024K, 41 young (41984K), 2 survivors (2048K)
 Metaspace       used 84667K, committed 85376K, reserved 1179648K
  class space    used 11812K, committed 12160K, reserved 1048576K
}
Event: 13.791 GC heap after
{Heap after GC invocations=42 (full 0):
 garbage-first heap   total 158720K, used 87516K [0x0000000080000000, 0x0000000100000000)
  region size 1024K, 6 young (6144K), 6 survivors (6144K)
 Metaspace       used 84667K, committed 85376K, reserved 1179648K
  class space    used 11812K, committed 12160K, reserved 1048576K
}
Event: 13.803 GC heap before
{Heap before GC invocations=42 (full 0):
 garbage-first heap   total 158720K, used 87516K [0x0000000080000000, 0x0000000100000000)
  region size 1024K, 7 young (7168K), 6 survivors (6144K)
 Metaspace       used 84740K, committed 85440K, reserved 1179648K
  class space    used 11820K, committed 12160K, reserved 1048576K
}
Event: 13.807 GC heap after
{Heap after GC invocations=43 (full 0):
 garbage-first heap   total 158720K, used 88674K [0x0000000080000000, 0x0000000100000000)
  region size 1024K, 1 young (1024K), 1 survivors (1024K)
 Metaspace       used 84740K, committed 85440K, reserved 1179648K
  class space    used 11820K, committed 12160K, reserved 1048576K
}
Event: 14.312 GC heap before
{Heap before GC invocations=43 (full 0):
 garbage-first heap   total 158720K, used 119394K [0x0000000080000000, 0x0000000100000000)
  region size 1024K, 32 young (32768K), 1 survivors (1024K)
 Metaspace       used 88578K, committed 89216K, reserved 1179648K
  class space    used 12286K, committed 12608K, reserved 1048576K
}
Event: 14.315 GC heap after
{Heap after GC invocations=44 (full 0):
 garbage-first heap   total 158720K, used 89437K [0x0000000080000000, 0x0000000100000000)
  region size 1024K, 2 young (2048K), 2 survivors (2048K)
 Metaspace       used 88578K, committed 89216K, reserved 1179648K
  class space    used 12286K, committed 12608K, reserved 1048576K
}
Event: 14.814 GC heap before
{Heap before GC invocations=45 (full 0):
 garbage-first heap   total 173056K, used 134493K [0x0000000080000000, 0x0000000100000000)
  region size 1024K, 36 young (36864K), 2 survivors (2048K)
 Metaspace       used 91600K, committed 92288K, reserved 1179648K
  class space    used 12598K, committed 12928K, reserved 1048576K
}
Event: 14.817 GC heap after
{Heap after GC invocations=46 (full 0):
 garbage-first heap   total 173056K, used 104001K [0x0000000080000000, 0x0000000100000000)
  region size 1024K, 5 young (5120K), 5 survivors (5120K)
 Metaspace       used 91600K, committed 92288K, reserved 1179648K
  class space    used 12598K, committed 12928K, reserved 1048576K
}
Event: 14.868 GC heap before
{Heap before GC invocations=46 (full 0):
 garbage-first heap   total 173056K, used 106049K [0x0000000080000000, 0x0000000100000000)
  region size 1024K, 8 young (8192K), 5 survivors (5120K)
 Metaspace       used 92000K, committed 92736K, reserved 1179648K
  class space    used 12637K, committed 12992K, reserved 1048576K
}
Event: 14.871 GC heap after
{Heap after GC invocations=47 (full 0):
 garbage-first heap   total 173056K, used 104085K [0x0000000080000000, 0x0000000100000000)
  region size 1024K, 1 young (1024K), 1 survivors (1024K)
 Metaspace       used 92000K, committed 92736K, reserved 1179648K
  class space    used 12637K, committed 12992K, reserved 1048576K
}
Event: 15.323 GC heap before
{Heap before GC invocations=47 (full 0):
 garbage-first heap   total 173056K, used 137877K [0x0000000080000000, 0x0000000100000000)
  region size 1024K, 34 young (34816K), 1 survivors (1024K)
 Metaspace       used 96095K, committed 96832K, reserved 1179648K
  class space    used 13012K, committed 13376K, reserved 1048576K
}
Event: 15.326 GC heap after
{Heap after GC invocations=48 (full 0):
 garbage-first heap   total 173056K, used 105239K [0x0000000080000000, 0x0000000100000000)
  region size 1024K, 2 young (2048K), 2 survivors (2048K)
 Metaspace       used 96095K, committed 96832K, reserved 1179648K
  class space    used 13012K, committed 13376K, reserved 1048576K
}

