# JRE version: OpenJDK Runtime Environment (17.0.9) (build 17.0.9+0--11185874)
# Java VM: OpenJDK 64-Bit Server VM (17.0.9+0--11185874, mixed mode, tiered, compressed oops, compressed class ptrs, g1 gc, windows-amd64)
GC Precious Log:
 CPUs: 8 total, 8 available
 Memory: 7934M
 Large Page Support: Disabled
 NUMA Support: Disabled
 Compressed Oops: Enabled (32-bit)
 Heap Region Size: 1M
 Heap Min Capacity: 8M
 Heap Initial Capacity: 124M
 Heap Max Capacity: 2G
 Pre-touch: Disabled
 Parallel Workers: 8
 Concurrent Workers: 2
 Concurrent Refinement Workers: 8
 Periodic GC: Disabled
Heap:
 garbage-first heap   total 234496K, used 122962K [0x0000000080000000, 0x0000000100000000)
  region size 1024K, 2 young (2048K), 2 survivors (2048K)
 Metaspace       used 106908K, committed 107648K, reserved 1179648K
  class space    used 14925K, committed 15296K, reserved 1048576K
GC Heap History (20 events):
Event: 10.492 GC heap after
{Heap after GC invocations=40 (full 0):
 garbage-first heap   total 116736K, used 66330K [0x0000000080000000, 0x0000000100000000)
  region size 1024K, 5 young (5120K), 5 survivors (5120K)
 Metaspace       used 86439K, committed 87104K, reserved 1179648K
  class space    used 11937K, committed 12224K, reserved 1048576K
}
Event: 10.503 GC heap before
{Heap before GC invocations=40 (full 0):
 garbage-first heap   total 116736K, used 67354K [0x0000000080000000, 0x0000000100000000)
  region size 1024K, 6 young (6144K), 5 survivors (5120K)
 Metaspace       used 86497K, committed 87168K, reserved 1179648K
  class space    used 11947K, committed 12224K, reserved 1048576K
}
Event: 10.506 GC heap after
{Heap after GC invocations=41 (full 0):
 garbage-first heap   total 116736K, used 66097K [0x0000000080000000, 0x0000000100000000)
  region size 1024K, 1 young (1024K), 1 survivors (1024K)
 Metaspace       used 86497K, committed 87168K, reserved 1179648K
  class space    used 11947K, committed 12224K, reserved 1048576K
}
Event: 10.788 GC heap before
{Heap before GC invocations=41 (full 0):
 garbage-first heap   total 116736K, used 96817K [0x0000000080000000, 0x0000000100000000)
  region size 1024K, 31 young (31744K), 1 survivors (1024K)
 Metaspace       used 88850K, committed 89472K, reserved 1179648K
  class space    used 12338K, committed 12608K, reserved 1048576K
}
Event: 10.791 GC heap after
{Heap after GC invocations=42 (full 0):
 garbage-first heap   total 204800K, used 66535K [0x0000000080000000, 0x0000000100000000)
  region size 1024K, 2 young (2048K), 2 survivors (2048K)
 Metaspace       used 88850K, committed 89472K, reserved 1179648K
  class space    used 12338K, committed 12608K, reserved 1048576K
}
Event: 11.999 GC heap before
{Heap before GC invocations=43 (full 0):
 garbage-first heap   total 204800K, used 169959K [0x0000000080000000, 0x0000000100000000)
  region size 1024K, 99 young (101376K), 2 survivors (2048K)
 Metaspace       used 96435K, committed 97152K, reserved 1179648K
  class space    used 13347K, committed 13696K, reserved 1048576K
}
Event: 12.008 GC heap after
{Heap after GC invocations=44 (full 0):
 garbage-first heap   total 204800K, used 76305K [0x0000000080000000, 0x0000000100000000)
  region size 1024K, 11 young (11264K), 11 survivors (11264K)
 Metaspace       used 96435K, committed 97152K, reserved 1179648K
  class space    used 13347K, committed 13696K, reserved 1048576K
}
Event: 12.015 GC heap before
{Heap before GC invocations=44 (full 0):
 garbage-first heap   total 204800K, used 76305K [0x0000000080000000, 0x0000000100000000)
  region size 1024K, 12 young (12288K), 11 survivors (11264K)
 Metaspace       used 96437K, committed 97152K, reserved 1179648K
  class space    used 13347K, committed 13696K, reserved 1048576K
}
Event: 12.024 GC heap after
{Heap after GC invocations=45 (full 0):
 garbage-first heap   total 204800K, used 77363K [0x0000000080000000, 0x0000000100000000)
  region size 1024K, 2 young (2048K), 2 survivors (2048K)
 Metaspace       used 96437K, committed 97152K, reserved 1179648K
  class space    used 13347K, committed 13696K, reserved 1048576K
}
Event: 12.897 GC heap before
{Heap before GC invocations=45 (full 0):
 garbage-first heap   total 204800K, used 159283K [0x0000000080000000, 0x0000000100000000)
  region size 1024K, 82 young (83968K), 2 survivors (2048K)
 Metaspace       used 98469K, committed 99200K, reserved 1179648K
  class space    used 13571K, committed 13952K, reserved 1048576K
}
Event: 12.903 GC heap after
{Heap after GC invocations=46 (full 0):
 garbage-first heap   total 204800K, used 84049K [0x0000000080000000, 0x0000000100000000)
  region size 1024K, 8 young (8192K), 8 survivors (8192K)
 Metaspace       used 98469K, committed 99200K, reserved 1179648K
  class space    used 13571K, committed 13952K, reserved 1048576K
}
Event: 13.300 GC heap before
{Heap before GC invocations=46 (full 0):
 garbage-first heap   total 204800K, used 159825K [0x0000000080000000, 0x0000000100000000)
  region size 1024K, 83 young (84992K), 8 survivors (8192K)
 Metaspace       used 99921K, committed 100608K, reserved 1179648K
  class space    used 13802K, committed 14144K, reserved 1048576K
}
Event: 13.306 GC heap after
{Heap after GC invocations=47 (full 0):
 garbage-first heap   total 204800K, used 94718K [0x0000000080000000, 0x0000000100000000)
  region size 1024K, 11 young (11264K), 11 survivors (11264K)
 Metaspace       used 99921K, committed 100608K, reserved 1179648K
  class space    used 13802K, committed 14144K, reserved 1048576K
}
Event: 13.864 GC heap before
{Heap before GC invocations=47 (full 0):
 garbage-first heap   total 204800K, used 161278K [0x0000000080000000, 0x0000000100000000)
  region size 1024K, 77 young (78848K), 11 survivors (11264K)
 Metaspace       used 104111K, committed 104832K, reserved 1179648K
  class space    used 14440K, committed 14784K, reserved 1048576K
}
Event: 13.875 GC heap after
{Heap after GC invocations=48 (full 0):
 garbage-first heap   total 204800K, used 103867K [0x0000000080000000, 0x0000000100000000)
  region size 1024K, 9 young (9216K), 9 survivors (9216K)
 Metaspace       used 104111K, committed 104832K, reserved 1179648K
  class space    used 14440K, committed 14784K, reserved 1048576K
}
Event: 14.205 GC heap before
{Heap before GC invocations=48 (full 0):
 garbage-first heap   total 204800K, used 162235K [0x0000000080000000, 0x0000000100000000)
  region size 1024K, 67 young (68608K), 9 survivors (9216K)
 Metaspace       used 106515K, committed 107264K, reserved 1179648K
  class space    used 14874K, committed 15232K, reserved 1048576K
}
Event: 14.218 GC heap after
{Heap after GC invocations=49 (full 0):
 garbage-first heap   total 204800K, used 112640K [0x0000000080000000, 0x0000000100000000)
  region size 1024K, 9 young (9216K), 9 survivors (9216K)
 Metaspace       used 106515K, committed 107264K, reserved 1179648K
  class space    used 14874K, committed 15232K, reserved 1048576K
}
Event: 14.415 GC heap before
{Heap before GC invocations=50 (full 0):
 garbage-first heap   total 234496K, used 163840K [0x0000000080000000, 0x0000000100000000)
  region size 1024K, 60 young (61440K), 9 survivors (9216K)
 Metaspace       used 106883K, committed 107648K, reserved 1179648K
  class space    used 14919K, committed 15296K, reserved 1048576K
}
Event: 14.431 GC heap after
{Heap after GC invocations=51 (full 0):
 garbage-first heap   total 234496K, used 121662K [0x0000000080000000, 0x0000000100000000)
  region size 1024K, 8 young (8192K), 8 survivors (8192K)
 Metaspace       used 106883K, committed 107648K, reserved 1179648K
  class space    used 14919K, committed 15296K, reserved 1048576K
}
Event: 14.443 GC heap before
{Heap before GC invocations=51 (full 0):
 garbage-first heap   total 234496K, used 124734K [0x0000000080000000, 0x0000000100000000)
  region size 1024K, 11 young (11264K), 8 survivors (8192K)
 Metaspace       used 106908K, committed 107648K, reserved 1179648K
  class space    used 14925K, committed 15296K, reserved 1048576K
}

