# JRE version: OpenJDK Runtime Environment (17.0.9) (build 17.0.9+0--11185874)
# Java VM: OpenJDK 64-Bit Server VM (17.0.9+0--11185874, mixed mode, tiered, compressed oops, compressed class ptrs, g1 gc, windows-amd64)
GC Precious Log:
 CPUs: 8 total, 8 available
 Memory: 7934M
 Large Page Support: Disabled
 NUMA Support: Disabled
 Compressed Oops: Enabled (32-bit)
 Heap Region Size: 1M
 Heap Min Capacity: 8M
 Heap Initial Capacity: 124M
 Heap Max Capacity: 2G
 Pre-touch: Disabled
 Parallel Workers: 8
 Concurrent Workers: 2
 Concurrent Refinement Workers: 8
 Periodic GC: Disabled
Heap:
 garbage-first heap   total 361472K, used 284192K [0x0000000080000000, 0x0000000100000000)
  region size 1024K, 5 young (5120K), 5 survivors (5120K)
 Metaspace       used 191808K, committed 192960K, reserved 1245184K
  class space    used 24720K, committed 25280K, reserved 1048576K
GC Heap History (20 events):
Event: 1011.637 GC heap after
{Heap after GC invocations=61 (full 0):
 garbage-first heap   total 301056K, used 247808K [0x0000000080000000, 0x0000000100000000)
  region size 1024K, 2 young (2048K), 2 survivors (2048K)
 Metaspace       used 180818K, committed 181952K, reserved 1245184K
  class space    used 23172K, committed 23680K, reserved 1048576K
}
Event: 1011.812 GC heap before
{Heap before GC invocations=61 (full 0):
 garbage-first heap   total 301056K, used 259072K [0x0000000080000000, 0x0000000100000000)
  region size 1024K, 14 young (14336K), 2 survivors (2048K)
 Metaspace       used 181501K, committed 182656K, reserved 1245184K
  class space    used 23247K, committed 23808K, reserved 1048576K
}
Event: 1011.818 GC heap after
{Heap after GC invocations=62 (full 0):
 garbage-first heap   total 301056K, used 249439K [0x0000000080000000, 0x0000000100000000)
  region size 1024K, 2 young (2048K), 2 survivors (2048K)
 Metaspace       used 181501K, committed 182656K, reserved 1245184K
  class space    used 23247K, committed 23808K, reserved 1048576K
}
Event: 1011.906 GC heap before
{Heap before GC invocations=62 (full 0):
 garbage-first heap   total 301056K, used 260703K [0x0000000080000000, 0x0000000100000000)
  region size 1024K, 14 young (14336K), 2 survivors (2048K)
 Metaspace       used 182063K, committed 183232K, reserved 1245184K
  class space    used 23304K, committed 23872K, reserved 1048576K
}
Event: 1011.910 GC heap after
{Heap after GC invocations=63 (full 0):
 garbage-first heap   total 301056K, used 250310K [0x0000000080000000, 0x0000000100000000)
  region size 1024K, 1 young (1024K), 1 survivors (1024K)
 Metaspace       used 182063K, committed 183232K, reserved 1245184K
  class space    used 23304K, committed 23872K, reserved 1048576K
}
Event: 1012.041 GC heap before
{Heap before GC invocations=63 (full 0):
 garbage-first heap   total 301056K, used 262598K [0x0000000080000000, 0x0000000100000000)
  region size 1024K, 14 young (14336K), 1 survivors (1024K)
 Metaspace       used 183094K, committed 184256K, reserved 1245184K
  class space    used 23436K, committed 24000K, reserved 1048576K
}
Event: 1012.045 GC heap after
{Heap after GC invocations=64 (full 0):
 garbage-first heap   total 361472K, used 250674K [0x0000000080000000, 0x0000000100000000)
  region size 1024K, 2 young (2048K), 2 survivors (2048K)
 Metaspace       used 183094K, committed 184256K, reserved 1245184K
  class space    used 23436K, committed 24000K, reserved 1048576K
}
Event: 1012.983 GC heap before
{Heap before GC invocations=64 (full 0):
 garbage-first heap   total 361472K, used 299826K [0x0000000080000000, 0x0000000100000000)
  region size 1024K, 51 young (52224K), 2 survivors (2048K)
 Metaspace       used 184622K, committed 185792K, reserved 1245184K
  class space    used 23625K, committed 24192K, reserved 1048576K
}
Event: 1012.993 GC heap after
{Heap after GC invocations=65 (full 0):
 garbage-first heap   total 361472K, used 254983K [0x0000000080000000, 0x0000000100000000)
  region size 1024K, 6 young (6144K), 6 survivors (6144K)
 Metaspace       used 184622K, committed 185792K, reserved 1245184K
  class space    used 23625K, committed 24192K, reserved 1048576K
}
Event: 1013.307 GC heap before
{Heap before GC invocations=65 (full 0):
 garbage-first heap   total 361472K, used 302087K [0x0000000080000000, 0x0000000100000000)
  region size 1024K, 53 young (54272K), 6 survivors (6144K)
 Metaspace       used 186145K, committed 187392K, reserved 1245184K
  class space    used 23852K, committed 24448K, reserved 1048576K
}
Event: 1013.317 GC heap after
{Heap after GC invocations=66 (full 0):
 garbage-first heap   total 361472K, used 261124K [0x0000000080000000, 0x0000000100000000)
  region size 1024K, 7 young (7168K), 7 survivors (7168K)
 Metaspace       used 186145K, committed 187392K, reserved 1245184K
  class space    used 23852K, committed 24448K, reserved 1048576K
}
Event: 1013.525 GC heap before
{Heap before GC invocations=66 (full 0):
 garbage-first heap   total 361472K, used 304132K [0x0000000080000000, 0x0000000100000000)
  region size 1024K, 50 young (51200K), 7 survivors (7168K)
 Metaspace       used 186854K, committed 188032K, reserved 1245184K
  class space    used 23952K, committed 24512K, reserved 1048576K
}
Event: 1013.532 GC heap after
{Heap after GC invocations=67 (full 0):
 garbage-first heap   total 361472K, used 268099K [0x0000000080000000, 0x0000000100000000)
  region size 1024K, 7 young (7168K), 7 survivors (7168K)
 Metaspace       used 186854K, committed 188032K, reserved 1245184K
  class space    used 23952K, committed 24512K, reserved 1048576K
}
Event: 1013.868 GC heap before
{Heap before GC invocations=67 (full 0):
 garbage-first heap   total 361472K, used 305987K [0x0000000080000000, 0x0000000100000000)
  region size 1024K, 45 young (46080K), 7 survivors (7168K)
 Metaspace       used 188244K, committed 189440K, reserved 1245184K
  class space    used 24162K, committed 24704K, reserved 1048576K
}
Event: 1013.876 GC heap after
{Heap after GC invocations=68 (full 0):
 garbage-first heap   total 361472K, used 273247K [0x0000000080000000, 0x0000000100000000)
  region size 1024K, 5 young (5120K), 5 survivors (5120K)
 Metaspace       used 188244K, committed 189440K, reserved 1245184K
  class space    used 24162K, committed 24704K, reserved 1048576K
}
Event: 1014.114 GC heap before
{Heap before GC invocations=68 (full 0):
 garbage-first heap   total 361472K, used 310111K [0x0000000080000000, 0x0000000100000000)
  region size 1024K, 40 young (40960K), 5 survivors (5120K)
 Metaspace       used 189491K, committed 190656K, reserved 1245184K
  class space    used 24375K, committed 24960K, reserved 1048576K
}
Event: 1014.119 GC heap after
{Heap after GC invocations=69 (full 0):
 garbage-first heap   total 361472K, used 272064K [0x0000000080000000, 0x0000000100000000)
  region size 1024K, 1 young (1024K), 1 survivors (1024K)
 Metaspace       used 189491K, committed 190656K, reserved 1245184K
  class space    used 24375K, committed 24960K, reserved 1048576K
}
Event: 1014.514 GC heap before
{Heap before GC invocations=69 (full 0):
 garbage-first heap   total 361472K, used 309952K [0x0000000080000000, 0x0000000100000000)
  region size 1024K, 39 young (39936K), 1 survivors (1024K)
 Metaspace       used 191097K, committed 192256K, reserved 1245184K
  class space    used 24604K, committed 25152K, reserved 1048576K
}
Event: 1014.525 GC heap after
{Heap after GC invocations=70 (full 0):
 garbage-first heap   total 361472K, used 278071K [0x0000000080000000, 0x0000000100000000)
  region size 1024K, 5 young (5120K), 5 survivors (5120K)
 Metaspace       used 191097K, committed 192256K, reserved 1245184K
  class space    used 24604K, committed 25152K, reserved 1048576K
}
Event: 1014.706 GC heap before
{Heap before GC invocations=70 (full 0):
 garbage-first heap   total 361472K, used 310839K [0x0000000080000000, 0x0000000100000000)
  region size 1024K, 37 young (37888K), 5 survivors (5120K)
 Metaspace       used 191808K, committed 192960K, reserved 1245184K
  class space    used 24720K, committed 25280K, reserved 1048576K
}

