# JRE version: OpenJDK Runtime Environment (17.0.9) (build 17.0.9+0--11185874)
# Java VM: OpenJDK 64-Bit Server VM (17.0.9+0--11185874, mixed mode, tiered, compressed oops, compressed class ptrs, g1 gc, windows-amd64)
GC Precious Log:
 CPUs: 8 total, 8 available
 Memory: 7934M
 Large Page Support: Disabled
 NUMA Support: Disabled
 Compressed Oops: Enabled (32-bit)
 Heap Region Size: 1M
 Heap Min Capacity: 8M
 Heap Initial Capacity: 124M
 Heap Max Capacity: 2G
 Pre-touch: Disabled
 Parallel Workers: 8
 Concurrent Workers: 2
 Concurrent Refinement Workers: 8
 Periodic GC: Disabled
Heap:
 garbage-first heap   total 444416K, used 120829K [0x0000000080000000, 0x0000000100000000)
  region size 1024K, 6 young (6144K), 6 survivors (6144K)
 Metaspace       used 144655K, committed 146496K, reserved 1179648K
  class space    used 19631K, committed 20544K, reserved 1048576K
GC Heap History (20 events):
Event: 1368.461 GC heap after
{Heap after GC invocations=60 (full 0):
 garbage-first heap   total 467968K, used 114257K [0x0000000080000000, 0x0000000100000000)
  region size 1024K, 2 young (2048K), 2 survivors (2048K)
 Metaspace       used 142041K, committed 143360K, reserved 1179648K
  class space    used 19288K, committed 19904K, reserved 1048576K
}
Event: 1368.569 GC heap before
{Heap before GC invocations=60 (full 0):
 garbage-first heap   total 467968K, used 117329K [0x0000000080000000, 0x0000000100000000)
  region size 1024K, 6 young (6144K), 2 survivors (2048K)
 Metaspace       used 142046K, committed 143360K, reserved 1179648K
  class space    used 19289K, committed 19904K, reserved 1048576K
}
Event: 1368.593 GC heap after
{Heap after GC invocations=61 (full 0):
 garbage-first heap   total 467968K, used 113994K [0x0000000080000000, 0x0000000100000000)
  region size 1024K, 2 young (2048K), 2 survivors (2048K)
 Metaspace       used 142046K, committed 143360K, reserved 1179648K
  class space    used 19289K, committed 19904K, reserved 1048576K
}
Event: 1705.198 GC heap before
{Heap before GC invocations=62 (full 0):
 garbage-first heap   total 444416K, used 305482K [0x0000000080000000, 0x0000000100000000)
  region size 1024K, 168 young (172032K), 2 survivors (2048K)
 Metaspace       used 142376K, committed 143680K, reserved 1179648K
  class space    used 19290K, committed 19904K, reserved 1048576K
}
Event: 1705.332 GC heap after
{Heap after GC invocations=63 (full 0):
 garbage-first heap   total 444416K, used 119271K [0x0000000080000000, 0x0000000100000000)
  region size 1024K, 5 young (5120K), 5 survivors (5120K)
 Metaspace       used 142376K, committed 143680K, reserved 1179648K
  class space    used 19290K, committed 19904K, reserved 1048576K
}
Event: 1706.131 GC heap before
{Heap before GC invocations=63 (full 0):
 garbage-first heap   total 444416K, used 135655K [0x0000000080000000, 0x0000000100000000)
  region size 1024K, 21 young (21504K), 5 survivors (5120K)
 Metaspace       used 142423K, committed 143744K, reserved 1179648K
  class space    used 19290K, committed 19904K, reserved 1048576K
}
Event: 1706.194 GC heap after
{Heap after GC invocations=64 (full 0):
 garbage-first heap   total 444416K, used 116364K [0x0000000080000000, 0x0000000100000000)
  region size 1024K, 3 young (3072K), 3 survivors (3072K)
 Metaspace       used 142423K, committed 143744K, reserved 1179648K
  class space    used 19290K, committed 19904K, reserved 1048576K
}
Event: 1706.653 GC heap before
{Heap before GC invocations=64 (full 0):
 garbage-first heap   total 444416K, used 134796K [0x0000000080000000, 0x0000000100000000)
  region size 1024K, 22 young (22528K), 3 survivors (3072K)
 Metaspace       used 142438K, committed 143744K, reserved 1179648K
  class space    used 19290K, committed 19904K, reserved 1048576K
}
Event: 1706.682 GC heap after
{Heap after GC invocations=65 (full 0):
 garbage-first heap   total 444416K, used 119874K [0x0000000080000000, 0x0000000100000000)
  region size 1024K, 7 young (7168K), 7 survivors (7168K)
 Metaspace       used 142438K, committed 143744K, reserved 1179648K
  class space    used 19290K, committed 19904K, reserved 1048576K
}
Event: 1888.057 GC heap before
{Heap before GC invocations=66 (full 0):
 garbage-first heap   total 444416K, used 280642K [0x0000000080000000, 0x0000000100000000)
  region size 1024K, 156 young (159744K), 7 survivors (7168K)
 Metaspace       used 142672K, committed 144000K, reserved 1179648K
  class space    used 19293K, committed 19904K, reserved 1048576K
}
Event: 1888.185 GC heap after
{Heap after GC invocations=67 (full 0):
 garbage-first heap   total 444416K, used 120007K [0x0000000080000000, 0x0000000100000000)
  region size 1024K, 8 young (8192K), 8 survivors (8192K)
 Metaspace       used 142672K, committed 144000K, reserved 1179648K
  class space    used 19293K, committed 19904K, reserved 1048576K
}
Event: 1888.834 GC heap before
{Heap before GC invocations=67 (full 0):
 garbage-first heap   total 444416K, used 132295K [0x0000000080000000, 0x0000000100000000)
  region size 1024K, 21 young (21504K), 8 survivors (8192K)
 Metaspace       used 142688K, committed 144000K, reserved 1179648K
  class space    used 19293K, committed 19904K, reserved 1048576K
}
Event: 1888.922 GC heap after
{Heap after GC invocations=68 (full 0):
 garbage-first heap   total 444416K, used 113944K [0x0000000080000000, 0x0000000100000000)
  region size 1024K, 2 young (2048K), 2 survivors (2048K)
 Metaspace       used 142688K, committed 144000K, reserved 1179648K
  class space    used 19293K, committed 19904K, reserved 1048576K
}
Event: 2121.674 GC heap before
{Heap before GC invocations=68 (full 0):
 garbage-first heap   total 444416K, used 231704K [0x0000000080000000, 0x0000000100000000)
  region size 1024K, 119 young (121856K), 2 survivors (2048K)
 Metaspace       used 144551K, committed 146432K, reserved 1179648K
  class space    used 19652K, committed 20544K, reserved 1048576K
}
Event: 2121.804 GC heap after
{Heap after GC invocations=69 (full 0):
 garbage-first heap   total 444416K, used 127100K [0x0000000080000000, 0x0000000100000000)
  region size 1024K, 15 young (15360K), 15 survivors (15360K)
 Metaspace       used 144551K, committed 146432K, reserved 1179648K
  class space    used 19652K, committed 20544K, reserved 1048576K
}
Event: 2278.608 GC heap before
{Heap before GC invocations=70 (full 0):
 garbage-first heap   total 444416K, used 236668K [0x0000000080000000, 0x0000000100000000)
  region size 1024K, 111 young (113664K), 15 survivors (15360K)
 Metaspace       used 144626K, committed 146496K, reserved 1179648K
  class space    used 19631K, committed 20544K, reserved 1048576K
}
Event: 2278.694 GC heap after
{Heap after GC invocations=71 (full 0):
 garbage-first heap   total 444416K, used 126308K [0x0000000080000000, 0x0000000100000000)
  region size 1024K, 6 young (6144K), 6 survivors (6144K)
 Metaspace       used 144626K, committed 146496K, reserved 1179648K
  class space    used 19631K, committed 20544K, reserved 1048576K
}
Event: 2279.280 GC heap before
{Heap before GC invocations=71 (full 0):
 garbage-first heap   total 444416K, used 141668K [0x0000000080000000, 0x0000000100000000)
  region size 1024K, 21 young (21504K), 6 survivors (6144K)
 Metaspace       used 144641K, committed 146496K, reserved 1179648K
  class space    used 19631K, committed 20544K, reserved 1048576K
}
Event: 2279.341 GC heap after
{Heap after GC invocations=72 (full 0):
 garbage-first heap   total 444416K, used 118286K [0x0000000080000000, 0x0000000100000000)
  region size 1024K, 3 young (3072K), 3 survivors (3072K)
 Metaspace       used 144641K, committed 146496K, reserved 1179648K
  class space    used 19631K, committed 20544K, reserved 1048576K
}
Event: 2279.900 GC heap before
{Heap before GC invocations=72 (full 0):
 garbage-first heap   total 444416K, used 131598K [0x0000000080000000, 0x0000000100000000)
  region size 1024K, 18 young (18432K), 3 survivors (3072K)
 Metaspace       used 144655K, committed 146496K, reserved 1179648K
  class space    used 19631K, committed 20544K, reserved 1048576K
}

