# JRE version: OpenJDK Runtime Environment (17.0.9) (build 17.0.9+0--11185874)
# Java VM: OpenJDK 64-Bit Server VM (17.0.9+0--11185874, mixed mode, tiered, compressed oops, compressed class ptrs, g1 gc, windows-amd64)
GC Precious Log:
 CPUs: 8 total, 8 available
 Memory: 7934M
 Large Page Support: Disabled
 NUMA Support: Disabled
 Compressed Oops: Enabled (32-bit)
 Heap Region Size: 1M
 Heap Min Capacity: 8M
 Heap Initial Capacity: 124M
 Heap Max Capacity: 2G
 Pre-touch: Disabled
 Parallel Workers: 8
 Concurrent Workers: 2
 Concurrent Refinement Workers: 8
 Periodic GC: Disabled
Heap:
 garbage-first heap   total 248832K, used 144217K [0x0000000080000000, 0x0000000100000000)
  region size 1024K, 10 young (10240K), 10 survivors (10240K)
 Metaspace       used 110867K, committed 111616K, reserved 1179648K
  class space    used 15656K, committed 16064K, reserved 1048576K
GC Heap History (20 events):
Event: 11.939 GC heap after
{Heap after GC invocations=47 (full 0):
 garbage-first heap   total 140288K, used 70759K [0x0000000080000000, 0x0000000100000000)
  region size 1024K, 6 young (6144K), 6 survivors (6144K)
 Metaspace       used 91758K, committed 92480K, reserved 1179648K
  class space    used 12711K, committed 13056K, reserved 1048576K
}
Event: 12.209 GC heap before
{Heap before GC invocations=47 (full 0):
 garbage-first heap   total 140288K, used 101479K [0x0000000080000000, 0x0000000100000000)
  region size 1024K, 38 young (38912K), 6 survivors (6144K)
 Metaspace       used 93803K, committed 94464K, reserved 1179648K
  class space    used 12939K, committed 13248K, reserved 1048576K
}
Event: 12.217 GC heap after
{Heap after GC invocations=48 (full 0):
 garbage-first heap   total 140288K, used 75092K [0x0000000080000000, 0x0000000100000000)
  region size 1024K, 7 young (7168K), 7 survivors (7168K)
 Metaspace       used 93803K, committed 94464K, reserved 1179648K
  class space    used 12939K, committed 13248K, reserved 1048576K
}
Event: 12.675 GC heap before
{Heap before GC invocations=49 (full 0):
 garbage-first heap   total 140288K, used 118100K [0x0000000080000000, 0x0000000100000000)
  region size 1024K, 45 young (46080K), 7 survivors (7168K)
 Metaspace       used 96417K, committed 97152K, reserved 1179648K
  class space    used 13338K, committed 13696K, reserved 1048576K
}
Event: 12.683 GC heap after
{Heap after GC invocations=50 (full 0):
 garbage-first heap   total 140288K, used 79363K [0x0000000080000000, 0x0000000100000000)
  region size 1024K, 5 young (5120K), 5 survivors (5120K)
 Metaspace       used 96417K, committed 97152K, reserved 1179648K
  class space    used 13338K, committed 13696K, reserved 1048576K
}
Event: 12.698 GC heap before
{Heap before GC invocations=50 (full 0):
 garbage-first heap   total 140288K, used 79363K [0x0000000080000000, 0x0000000100000000)
  region size 1024K, 6 young (6144K), 5 survivors (5120K)
 Metaspace       used 96426K, committed 97152K, reserved 1179648K
  class space    used 13338K, committed 13696K, reserved 1048576K
}
Event: 12.703 GC heap after
{Heap after GC invocations=51 (full 0):
 garbage-first heap   total 140288K, used 79147K [0x0000000080000000, 0x0000000100000000)
  region size 1024K, 1 young (1024K), 1 survivors (1024K)
 Metaspace       used 96426K, committed 97152K, reserved 1179648K
  class space    used 13338K, committed 13696K, reserved 1048576K
}
Event: 13.082 GC heap before
{Heap before GC invocations=51 (full 0):
 garbage-first heap   total 140288K, used 111915K [0x0000000080000000, 0x0000000100000000)
  region size 1024K, 34 young (34816K), 1 survivors (1024K)
 Metaspace       used 96815K, committed 97536K, reserved 1179648K
  class space    used 13374K, committed 13696K, reserved 1048576K
}
Event: 13.087 GC heap after
{Heap after GC invocations=52 (full 0):
 garbage-first heap   total 248832K, used 82203K [0x0000000080000000, 0x0000000100000000)
  region size 1024K, 4 young (4096K), 4 survivors (4096K)
 Metaspace       used 96815K, committed 97536K, reserved 1179648K
  class space    used 13374K, committed 13696K, reserved 1048576K
}
Event: 13.873 GC heap before
{Heap before GC invocations=53 (full 0):
 garbage-first heap   total 248832K, used 191771K [0x0000000080000000, 0x0000000100000000)
  region size 1024K, 112 young (114688K), 4 survivors (4096K)
 Metaspace       used 99756K, committed 100544K, reserved 1179648K
  class space    used 13774K, committed 14144K, reserved 1048576K
}
Event: 13.881 GC heap after
{Heap after GC invocations=54 (full 0):
 garbage-first heap   total 248832K, used 95280K [0x0000000080000000, 0x0000000100000000)
  region size 1024K, 14 young (14336K), 14 survivors (14336K)
 Metaspace       used 99756K, committed 100544K, reserved 1179648K
  class space    used 13774K, committed 14144K, reserved 1048576K
}
Event: 13.885 GC heap before
{Heap before GC invocations=54 (full 0):
 garbage-first heap   total 248832K, used 96304K [0x0000000080000000, 0x0000000100000000)
  region size 1024K, 15 young (15360K), 14 survivors (14336K)
 Metaspace       used 99773K, committed 100544K, reserved 1179648K
  class space    used 13776K, committed 14144K, reserved 1048576K
}
Event: 13.891 GC heap after
{Heap after GC invocations=55 (full 0):
 garbage-first heap   total 248832K, used 95967K [0x0000000080000000, 0x0000000100000000)
  region size 1024K, 2 young (2048K), 2 survivors (2048K)
 Metaspace       used 99773K, committed 100544K, reserved 1179648K
  class space    used 13776K, committed 14144K, reserved 1048576K
}
Event: 14.511 GC heap before
{Heap before GC invocations=55 (full 0):
 garbage-first heap   total 248832K, used 186079K [0x0000000080000000, 0x0000000100000000)
  region size 1024K, 91 young (93184K), 2 survivors (2048K)
 Metaspace       used 104629K, committed 105408K, reserved 1179648K
  class space    used 14529K, committed 14912K, reserved 1048576K
}
Event: 14.524 GC heap after
{Heap after GC invocations=56 (full 0):
 garbage-first heap   total 248832K, used 108464K [0x0000000080000000, 0x0000000100000000)
  region size 1024K, 12 young (12288K), 12 survivors (12288K)
 Metaspace       used 104629K, committed 105408K, reserved 1179648K
  class space    used 14529K, committed 14912K, reserved 1048576K
}
Event: 14.833 GC heap before
{Heap before GC invocations=56 (full 0):
 garbage-first heap   total 248832K, used 193456K [0x0000000080000000, 0x0000000100000000)
  region size 1024K, 95 young (97280K), 12 survivors (12288K)
 Metaspace       used 107053K, committed 107776K, reserved 1179648K
  class space    used 14924K, committed 15296K, reserved 1048576K
}
Event: 14.854 GC heap after
{Heap after GC invocations=57 (full 0):
 garbage-first heap   total 248832K, used 121598K [0x0000000080000000, 0x0000000100000000)
  region size 1024K, 12 young (12288K), 12 survivors (12288K)
 Metaspace       used 107053K, committed 107776K, reserved 1179648K
  class space    used 14924K, committed 15296K, reserved 1048576K
}
Event: 15.142 GC heap before
{Heap before GC invocations=57 (full 0):
 garbage-first heap   total 248832K, used 194302K [0x0000000080000000, 0x0000000100000000)
  region size 1024K, 84 young (86016K), 12 survivors (12288K)
 Metaspace       used 110250K, committed 110976K, reserved 1179648K
  class space    used 15556K, committed 15936K, reserved 1048576K
}
Event: 15.156 GC heap after
{Heap after GC invocations=58 (full 0):
 garbage-first heap   total 248832K, used 132632K [0x0000000080000000, 0x0000000100000000)
  region size 1024K, 11 young (11264K), 11 survivors (11264K)
 Metaspace       used 110250K, committed 110976K, reserved 1179648K
  class space    used 15556K, committed 15936K, reserved 1048576K
}
Event: 15.245 GC heap before
{Heap before GC invocations=58 (full 0):
 garbage-first heap   total 248832K, used 197144K [0x0000000080000000, 0x0000000100000000)
  region size 1024K, 75 young (76800K), 11 survivors (11264K)
 Metaspace       used 110867K, committed 111616K, reserved 1179648K
  class space    used 15656K, committed 16064K, reserved 1048576K
}

